Loading required package: jsonlite
Loading required package: methods
Loading required package: scde
Loading required package: flexmix
Loading required package: lattice
cross-fitting 2727 pairs:
adjusting library size based on 164 entries
fitting 1 models:
1 : CRD1
2 : CRD2
3 : CRD3
4 : CRD4
5 : CRD5
6 : CRD6
9 : CRD9
7 : CRD7
12 : CRD12
13 : CRD13
15 : CRD15
10 : CRD10
19 : CRD19
16 : CRD16
8 : CRD8
11 : CRD11
17 : CRD17
14 : CRD14
18 : CRD18
fitting 2 models:
1 : BAT1
2 : BAT2
3 : BAT3
4 : BAT4
5 : BAT5
6 : BAT6
10 : BAT10
7 : BAT7
11 : BAT11
8 : BAT8
17 : CTX4
16 : CTX3
9 : BAT9
12 : BAT12
15 : CTX2
23 : CTX10-1
18 : CTX5
14 : CTX1
21 : CTX8-1
20 : CTX7-1
22 : CTX9
26 : CTX13
27 : CTX14
24 : CTX11-1
13 : BAT13
30 : CTX17
29 : CTX16
19 : CTX6
36 : DR4
42 : DR10
28 : CTX15
32 : CTX19
25 : CTX12
33 : DR1
34 : DR2
35 : DR3
31 : CTX18
39 : DR7
40 : DR8
37 : DR5
41 : DR9
38 : DR6
45 : DR13
43 : DR11
46 : DR14
47 : DR15
44 : DR12
50 : DR18
51 : DR19
48 : DR16
49 : DR17
54 : DR22
57 : HIP3
56 : HIP2
63 : HIP9
62 : HIP8
55 : HIP1
68 : HIP14
60 : HIP6
69 : HIP15
52 : DR20
53 : DR21
61 : HIP7
66 : HIP12
59 : HIP5
65 : HIP11
71 : HIP17
58 : HIP4
67 : HIP13
64 : HIP10
70 : HIP16
72 : HIP18
